TN:
SF:controllers/basketController.js
FN:9,AddToBasket
FN:18,(anonymous_1)
FN:32,ShowBasketItems
FN:36,(anonymous_3)
FN:58,(anonymous_4)
FN:152,AtBasketLimit
FN:155,(anonymous_6)
FN:158,(anonymous_7)
FN:173,CountBasketItems
FN:177,(anonymous_9)
FN:186,RemoveBasketItem
FN:190,(anonymous_11)
FN:200,SetCodeAsUsed
FN:201,(anonymous_13)
FN:204,(anonymous_14)
FN:214,Checkout
FN:227,(anonymous_16)
FN:230,(anonymous_17)
FN:243,Success
FN:244,(anonymous_19)
FN:247,(anonymous_20)
FN:262,RemoveOverdueItems
FN:263,(anonymous_22)
FN:266,(anonymous_23)
FN:276,(anonymous_24)
FN:277,(anonymous_25)
FN:280,(anonymous_26)
FNF:27
FNH:9
FNDA:0,AddToBasket
FNDA:0,(anonymous_1)
FNDA:0,ShowBasketItems
FNDA:0,(anonymous_3)
FNDA:0,(anonymous_4)
FNDA:1,AtBasketLimit
FNDA:1,(anonymous_6)
FNDA:1,(anonymous_7)
FNDA:0,CountBasketItems
FNDA:0,(anonymous_9)
FNDA:0,RemoveBasketItem
FNDA:0,(anonymous_11)
FNDA:0,SetCodeAsUsed
FNDA:0,(anonymous_13)
FNDA:0,(anonymous_14)
FNDA:0,Checkout
FNDA:0,(anonymous_16)
FNDA:0,(anonymous_17)
FNDA:0,Success
FNDA:0,(anonymous_19)
FNDA:0,(anonymous_20)
FNDA:2,RemoveOverdueItems
FNDA:2,(anonymous_22)
FNDA:2,(anonymous_23)
FNDA:4,(anonymous_24)
FNDA:4,(anonymous_25)
FNDA:2,(anonymous_26)
DA:1,3
DA:2,3
DA:3,3
DA:4,3
DA:5,3
DA:6,3
DA:7,3
DA:10,0
DA:11,0
DA:12,0
DA:13,0
DA:14,0
DA:15,0
DA:16,0
DA:17,0
DA:18,0
DA:19,0
DA:20,0
DA:21,0
DA:25,0
DA:28,0
DA:33,0
DA:34,0
DA:36,0
DA:37,0
DA:38,0
DA:39,0
DA:42,0
DA:43,0
DA:45,0
DA:46,0
DA:47,0
DA:48,0
DA:49,0
DA:50,0
DA:51,0
DA:52,0
DA:53,0
DA:54,0
DA:55,0
DA:56,0
DA:57,0
DA:58,0
DA:59,0
DA:60,0
DA:61,0
DA:62,0
DA:63,0
DA:64,0
DA:65,0
DA:66,0
DA:67,0
DA:68,0
DA:69,0
DA:72,0
DA:73,0
DA:75,0
DA:76,0
DA:77,0
DA:79,0
DA:82,0
DA:83,0
DA:86,0
DA:87,0
DA:89,0
DA:90,0
DA:91,0
DA:92,0
DA:94,0
DA:95,0
DA:96,0
DA:97,0
DA:98,0
DA:99,0
DA:101,0
DA:102,0
DA:103,0
DA:104,0
DA:105,0
DA:106,0
DA:109,0
DA:110,0
DA:111,0
DA:112,0
DA:114,0
DA:115,0
DA:118,0
DA:119,0
DA:122,0
DA:123,0
DA:126,0
DA:127,0
DA:130,0
DA:131,0
DA:134,0
DA:135,0
DA:136,0
DA:138,0
DA:141,0
DA:142,0
DA:143,0
DA:144,0
DA:146,0
DA:153,1
DA:155,1
DA:156,1
DA:157,1
DA:158,1
DA:159,1
DA:160,0
DA:161,0
DA:163,1
DA:166,1
DA:167,0
DA:169,1
DA:174,0
DA:175,0
DA:177,0
DA:178,0
DA:179,0
DA:180,0
DA:182,0
DA:187,0
DA:188,0
DA:189,0
DA:190,0
DA:191,0
DA:192,0
DA:193,0
DA:196,0
DA:201,0
DA:202,0
DA:203,0
DA:204,0
DA:205,0
DA:206,0
DA:207,0
DA:209,0
DA:216,0
DA:217,0
DA:218,0
DA:219,0
DA:220,0
DA:221,0
DA:222,0
DA:223,0
DA:224,0
DA:227,0
DA:228,0
DA:229,0
DA:230,0
DA:231,0
DA:232,0
DA:233,0
DA:235,0
DA:238,0
DA:244,0
DA:245,0
DA:246,0
DA:247,0
DA:248,0
DA:249,0
DA:250,0
DA:252,0
DA:257,0
DA:263,2
DA:264,2
DA:265,2
DA:266,2
DA:267,2
DA:268,0
DA:269,0
DA:271,2
DA:275,2
DA:276,2
DA:277,4
DA:278,4
DA:279,4
DA:280,4
DA:281,2
DA:282,0
DA:283,0
DA:285,2
DA:291,2
DA:294,3
LF:185
LH:32
BRDA:12,0,0,0
BRDA:12,0,1,0
BRDA:19,1,0,0
BRDA:19,1,1,0
BRDA:37,2,0,0
BRDA:37,2,1,0
BRDA:42,3,0,0
BRDA:42,3,1,0
BRDA:45,4,0,0
BRDA:45,4,1,0
BRDA:60,5,0,0
BRDA:60,5,1,0
BRDA:62,6,0,0
BRDA:62,6,1,0
BRDA:64,7,0,0
BRDA:64,7,1,0
BRDA:66,8,0,0
BRDA:66,8,1,0
BRDA:68,9,0,0
BRDA:68,9,1,0
BRDA:76,10,0,0
BRDA:76,10,1,0
BRDA:82,11,0,0
BRDA:82,11,1,0
BRDA:89,12,0,0
BRDA:89,12,1,0
BRDA:95,13,0,0
BRDA:95,13,1,0
BRDA:114,14,0,0
BRDA:114,14,1,0
BRDA:118,15,0,0
BRDA:118,15,1,0
BRDA:122,16,0,0
BRDA:122,16,1,0
BRDA:126,17,0,0
BRDA:126,17,1,0
BRDA:130,18,0,0
BRDA:130,18,1,0
BRDA:135,19,0,0
BRDA:135,19,1,0
BRDA:159,20,0,0
BRDA:159,20,1,1
BRDA:166,21,0,0
BRDA:166,21,1,1
BRDA:178,22,0,0
BRDA:178,22,1,0
BRDA:191,23,0,0
BRDA:191,23,1,0
BRDA:205,24,0,0
BRDA:205,24,1,0
BRDA:218,25,0,0
BRDA:218,25,1,0
BRDA:221,26,0,0
BRDA:221,26,1,0
BRDA:223,27,0,0
BRDA:223,27,1,0
BRDA:231,28,0,0
BRDA:231,28,1,0
BRDA:248,29,0,0
BRDA:248,29,1,0
BRDA:267,30,0,0
BRDA:267,30,1,2
BRDA:275,31,0,2
BRDA:275,31,1,0
BRDA:281,32,0,0
BRDA:281,32,1,2
BRF:66
BRH:5
end_of_record
TN:
SF:controllers/discountController.js
FN:8,AutoBronzeDiscount
FN:10,(anonymous_1)
FN:13,(anonymous_2)
FN:28,AutoDiamondDiscount
FN:30,(anonymous_4)
FN:33,(anonymous_5)
FN:48,GenerateDiscountCodes
FN:50,(anonymous_7)
FN:56,(anonymous_8)
FN:69,ApplyCode
FN:72,(anonymous_10)
FN:75,(anonymous_11)
FN:85,(anonymous_12)
FN:88,(anonymous_13)
FN:102,DiscountCodeAvailable
FN:103,(anonymous_15)
FN:106,(anonymous_16)
FN:121,CodeExpired
FN:122,(anonymous_18)
FN:125,(anonymous_19)
FN:135,(anonymous_20)
FN:137,(anonymous_21)
FN:140,(anonymous_22)
FNF:23
FNH:16
FNDA:1,AutoBronzeDiscount
FNDA:1,(anonymous_1)
FNDA:1,(anonymous_2)
FNDA:1,AutoDiamondDiscount
FNDA:1,(anonymous_4)
FNDA:1,(anonymous_5)
FNDA:1,GenerateDiscountCodes
FNDA:1,(anonymous_7)
FNDA:5,(anonymous_8)
FNDA:1,ApplyCode
FNDA:1,(anonymous_10)
FNDA:1,(anonymous_11)
FNDA:1,(anonymous_12)
FNDA:0,(anonymous_13)
FNDA:0,DiscountCodeAvailable
FNDA:0,(anonymous_15)
FNDA:0,(anonymous_16)
FNDA:1,CodeExpired
FNDA:1,(anonymous_18)
FNDA:1,(anonymous_19)
FNDA:0,(anonymous_20)
FNDA:0,(anonymous_21)
FNDA:0,(anonymous_22)
DA:1,3
DA:2,3
DA:3,3
DA:4,3
DA:5,3
DA:6,3
DA:10,1
DA:11,1
DA:12,1
DA:13,1
DA:14,1
DA:15,0
DA:16,0
DA:18,1
DA:21,1
DA:22,0
DA:24,1
DA:30,1
DA:31,1
DA:32,1
DA:33,1
DA:34,1
DA:35,0
DA:36,0
DA:38,1
DA:41,1
DA:42,0
DA:44,1
DA:49,1
DA:50,1
DA:51,1
DA:52,5
DA:53,5
DA:54,5
DA:55,5
DA:56,5
DA:57,5
DA:58,0
DA:59,0
DA:62,5
DA:66,1
DA:70,1
DA:71,1
DA:72,1
DA:73,1
DA:74,1
DA:75,1
DA:76,1
DA:77,0
DA:78,0
DA:80,1
DA:84,1
DA:85,1
DA:86,1
DA:87,1
DA:88,1
DA:89,0
DA:90,0
DA:91,0
DA:93,0
DA:96,1
DA:98,0
DA:103,0
DA:104,0
DA:105,0
DA:106,0
DA:107,0
DA:108,0
DA:109,0
DA:111,0
DA:114,0
DA:115,0
DA:117,0
DA:122,1
DA:123,1
DA:124,1
DA:125,1
DA:126,1
DA:127,0
DA:128,0
DA:130,1
DA:134,1
DA:135,0
DA:136,0
DA:137,0
DA:138,0
DA:139,0
DA:140,0
DA:141,0
DA:142,0
DA:143,0
DA:145,0
DA:153,3
LF:93
LH:55
BRDA:14,0,0,0
BRDA:14,0,1,1
BRDA:21,1,0,0
BRDA:21,1,1,1
BRDA:34,2,0,0
BRDA:34,2,1,1
BRDA:41,3,0,0
BRDA:41,3,1,1
BRDA:57,4,0,0
BRDA:57,4,1,5
BRDA:76,5,0,0
BRDA:76,5,1,1
BRDA:84,6,0,1
BRDA:84,6,1,0
BRDA:89,7,0,0
BRDA:89,7,1,0
BRDA:107,8,0,0
BRDA:107,8,1,0
BRDA:114,9,0,0
BRDA:114,9,1,0
BRDA:126,10,0,0
BRDA:126,10,1,1
BRDA:134,11,0,0
BRDA:134,11,1,1
BRDA:136,12,0,0
BRDA:136,12,1,0
BRDA:141,13,0,0
BRDA:141,13,1,0
BRF:28
BRH:9
end_of_record
TN:
SF:controllers/serviceController.js
FN:6,GetService
FN:7,(anonymous_1)
FN:10,(anonymous_2)
FNF:3
FNH:3
FNDA:1,GetService
FNDA:1,(anonymous_1)
FNDA:1,(anonymous_2)
DA:1,4
DA:2,4
DA:3,4
DA:4,4
DA:7,1
DA:8,1
DA:9,1
DA:10,1
DA:11,1
DA:12,0
DA:13,0
DA:15,1
DA:18,1
DA:21,4
LF:14
LH:12
BRDA:11,0,0,0
BRDA:11,0,1,1
BRF:2
BRH:1
end_of_record
TN:
SF:controllers/userController.js
FN:7,AddUser
FN:31,(anonymous_1)
FN:41,VerifyUser
FN:57,(anonymous_3)
FNF:4
FNH:4
FNDA:1,AddUser
FNDA:1,(anonymous_1)
FNDA:1,VerifyUser
FNDA:1,(anonymous_3)
DA:1,3
DA:2,3
DA:3,3
DA:4,3
DA:5,3
DA:8,1
DA:11,1
DA:16,1
DA:19,1
DA:24,1
DA:25,1
DA:26,1
DA:27,1
DA:29,1
DA:30,1
DA:31,1
DA:32,1
DA:33,0
DA:34,0
DA:37,1
DA:42,1
DA:47,1
DA:51,1
DA:52,1
DA:54,1
DA:55,1
DA:57,1
DA:58,1
DA:59,0
DA:60,0
DA:63,1
DA:64,0
DA:66,1
DA:67,1
DA:68,1
DA:69,1
DA:70,1
DA:71,1
DA:78,3
LF:39
LH:34
BRDA:32,0,0,0
BRDA:32,0,1,1
BRDA:58,1,0,0
BRDA:58,1,1,1
BRDA:63,2,0,0
BRDA:63,2,1,1
BRF:6
BRH:3
end_of_record
TN:
SF:database/database.js
FNF:0
FNH:0
DA:1,4
DA:2,4
DA:10,4
LF:3
LH:3
BRF:0
BRH:0
end_of_record
TN:
SF:routes/routes.js
FN:9,(anonymous_0)
FN:29,(anonymous_1)
FN:33,(anonymous_2)
FN:37,(anonymous_3)
FNF:4
FNH:1
FNDA:1,(anonymous_0)
FNDA:0,(anonymous_1)
FNDA:0,(anonymous_2)
FNDA:0,(anonymous_3)
DA:1,3
DA:2,3
DA:3,3
DA:4,3
DA:5,3
DA:6,3
DA:9,3
DA:10,1
DA:11,1
DA:13,0
DA:17,3
DA:19,3
DA:21,3
DA:23,3
DA:25,3
DA:27,3
DA:29,3
DA:30,0
DA:33,3
DA:34,0
DA:37,3
DA:38,0
DA:39,0
DA:44,3
DA:46,3
DA:48,3
DA:50,3
DA:52,3
LF:28
LH:23
BRDA:10,0,0,1
BRDA:10,0,1,0
BRF:2
BRH:1
end_of_record
TN:
SF:server/app.js
FNF:0
FNH:0
DA:1,3
DA:2,3
DA:3,3
DA:4,3
DA:6,3
DA:7,3
DA:9,3
DA:10,3
DA:13,3
DA:15,3
LF:10
LH:10
BRF:0
BRH:0
end_of_record
TN:
SF:session/session.js
FNF:0
FNH:0
DA:1,4
DA:7,4
LF:2
LH:2
BRF:0
BRH:0
end_of_record
